<?xml version="1.0" encoding="UTF-8"?>
<testng-results skipped="0" failed="0" total="2" passed="2">
  <reporter-output>
  </reporter-output>
  <suite name="Default suite" duration-ms="9031" started-at="2020-06-29T10:52:33Z" finished-at="2020-06-29T10:52:42Z">
    <groups>
    </groups>
    <test name="Default test" duration-ms="9031" started-at="2020-06-29T10:52:33Z" finished-at="2020-06-29T10:52:42Z">
      <class name="xyzApiTests.GetTests">
        <test-method status="PASS" signature="baseTest()[pri:0, instance:xyzApiTests.GetTests@47c62251]" name="baseTest" is-config="true" duration-ms="435" started-at="2020-06-29T16:22:33Z" finished-at="2020-06-29T16:22:34Z">
          <reporter-output>
          </reporter-output>
        </test-method> <!-- baseTest -->
        <test-method status="PASS" signature="getMultipleUserTest()[pri:0, instance:xyzApiTests.GetTests@47c62251]" name="getMultipleUserTest" duration-ms="5259" started-at="2020-06-29T16:22:34Z" finished-at="2020-06-29T16:22:39Z">
          <reporter-output>
          </reporter-output>
        </test-method> <!-- getMultipleUserTest -->
        <test-method status="PASS" signature="getSingleUserTest()[pri:0, instance:xyzApiTests.GetTests@47c62251]" name="getSingleUserTest" duration-ms="3118" started-at="2020-06-29T16:22:39Z" finished-at="2020-06-29T16:22:42Z">
          <reporter-output>
          </reporter-output>
        </test-method> <!-- getSingleUserTest -->
      </class> <!-- xyzApiTests.GetTests -->
    </test> <!-- Default test -->
  </suite> <!-- Default suite -->
</testng-results>
